<?xml version="1.0" encoding="UTF-8"?>
<!-- Generated by org.testng.reporters.JUnitXMLReporter -->
<testsuite ignored="0" hostname="DESKTOP-2RDTDJ8" failures="1" tests="4" name="Test" time="0.07" errors="0" timestamp="28 Sep 2022 11:13:22 GMT">
  <testcase classname="org.testng_listners.Runner_testng_listner" name="test1" time="0.014"/>
  <testcase classname="org.testng_listners.Runner_testng_listner" name="test2" time="0.004">
    <failure type="java.lang.AssertionError" message="expected [true] but found [false]">
      <![CDATA[java.lang.AssertionError: expected [true] but found [false]
... Removed 30 stack frames]]>
    </failure>
  </testcase> <!-- test2 -->
  <testcase classname="org.testng_listners.Runner_testng_listner" name="test3" time="0.002">
    <skipped/>
  </testcase> <!-- test3 -->
  <testcase classname="org.testng_listners.Runner_testng_listner" name="test4" time="0.002"/>
</testsuite> <!-- Test -->
